<?xml version="1.0" encoding="UTF-8"?>
<!-- Generated by org.testng.reporters.JUnitReportReporter -->
<testsuite hostname="Vigneshs-MacBook-Pro.local" failures="0" tests="6" name="testLayer.TestClass" time="39.343" errors="0" timestamp="2024-09-16T23:32:27 PDT" skipped="0">
  <testcase classname="testLayer.TestClass" name="DropdownTest" time="5.435"/>
  <system-out/>
  <testcase classname="testLayer.TestClass" name="TableTest" time="15.411"/>
  <system-out/>
  <testcase classname="testLayer.TestClass" name="AlertTest" time="8.032"/>
  <system-out/>
  <testcase classname="testLayer.TestClass" name="ButtonTest" time="3.686"/>
  <system-out/>
  <testcase classname="testLayer.TestClass" name="ItemListTest" time="2.948"/>
  <system-out/>
  <testcase classname="testLayer.TestClass" name="ValidLoginTest" time="3.831"/>
  <system-out/>
</testsuite> <!-- testLayer.TestClass -->
